0 silly argv {
0 silly argv   _: [ 'bootstrap' ],
0 silly argv   lernaVersion: '5.5.1',
0 silly argv   '$0': '/opt/homebrew/bin/lerna'
0 silly argv }
1 notice cli v5.5.1
2 verbose rootPath /Users/adc/Documents/untitled-game/js
3 error JSONError: Unexpected token "}" (0x7D) in JSON at position 263 while parsing near "...   \"engine\": \"*\",\n  },\n  \"devDependencie..." in packages/client2/package.json
3 error
3 error [0m [90m 12 |[39m     [32m"vue"[39m[33m:[39m [32m"^3.2.37"[39m[33m,[39m[0m
3 error [0m [90m 13 |[39m     [32m"engine"[39m[33m:[39m [32m"*"[39m[33m,[39m[0m
3 error [0m[31m[1m>[22m[39m[90m 14 |[39m   }[33m,[39m[0m
3 error [0m [90m    |[39m   [31m[1m^[22m[39m[0m
3 error [0m [90m 15 |[39m   [32m"devDependencies"[39m[33m:[39m {[0m
3 error [0m [90m 16 |[39m     [32m"@vitejs/plugin-vue"[39m[33m:[39m [32m"^3.1.0"[39m[33m,[39m[0m
3 error [0m [90m 17 |[39m     [32m"typescript"[39m[33m:[39m [32m"^4.6.4"[39m[33m,[39m[0m
3 error
3 error     at parseJson (/Users/adc/Documents/untitled-game/js/node_modules/parse-json/index.js:29:21)
3 error     at parse (/Users/adc/Documents/untitled-game/js/node_modules/load-json-file/index.js:15:9)
3 error     at module.exports (/Users/adc/Documents/untitled-game/js/node_modules/load-json-file/index.js:18:47)
